#-----------------------------------------------------------
# Vivado v2018.1 (64-bit)
# SW Build 2188600 on Wed Apr  4 18:39:19 MDT 2018
# IP Build 2185939 on Wed Apr  4 20:55:05 MDT 2018
# Start of session at: Thu Jun 28 19:05:36 2018
# Process ID: 6383
# Current directory: /usersc/ng18731/ATFC_IPBus_neo_test/neo430_test/myFwArea/proj/neo430_example
# Command line: vivado -mode tcl -log vivado_project.log -journal vivado_project.jou
# Log file: /usersc/ng18731/ATFC_IPBus_neo_test/neo430_test/myFwArea/proj/neo430_example/vivado_project.log
# Journal file: /usersc/ng18731/ATFC_IPBus_neo_test/neo430_test/myFwArea/proj/neo430_example/vivado_project.jou
#-----------------------------------------------------------
# Autogenerated project build script
# Thu Jun 28 19:05:48 2018
set outputDir /usersc/ng18731/ATFC_IPBus_neo_test/neo430_test/myFwArea/proj/neo430_example/top
/usersc/ng18731/ATFC_IPBus_neo_test/neo430_test/myFwArea/proj/neo430_example/top
file mkdir $outputDir
create_project top $outputDir -part xc7a35tfgg484-1 -force
top
if {[string equal [get_filesets -quiet constrs_1] ""]} {create_fileset -constrset constrs_1}
if {[string equal [get_filesets -quiet sources_1] ""]} {create_fileset -srcset sources_1}
if {[string equal [get_filesets -quiet ise_1] ""]} {create_fileset -srcset ise_1}
ise_1
add_files -norecurse -fileset sources_1 /usersc/ng18731/ATFC_IPBus_neo_test/neo430_test/myFwArea/src/neo430/rtl/top_templates/firmware/hdl/neo430_top_std_logic.vhd
/usersc/ng18731/ATFC_IPBus_neo_test/neo430_test/myFwArea/src/neo430/rtl/top_templates/firmware/hdl/neo430_top_std_logic.vhd
add_files -norecurse -fileset sources_1 /usersc/ng18731/ATFC_IPBus_neo_test/neo430_test/myFwArea/src/neo430/rtl/top_templates/firmware/hdl/neo430_top_axi4lite.vhd
/usersc/ng18731/ATFC_IPBus_neo_test/neo430_test/myFwArea/src/neo430/rtl/top_templates/firmware/hdl/neo430_top_axi4lite.vhd
add_files -norecurse -fileset sources_1 /usersc/ng18731/ATFC_IPBus_neo_test/neo430_test/myFwArea/src/neo430/rtl/top_templates/firmware/hdl/neo430_top_avm.vhd
/usersc/ng18731/ATFC_IPBus_neo_test/neo430_test/myFwArea/src/neo430/rtl/top_templates/firmware/hdl/neo430_top_avm.vhd
add_files -norecurse -fileset sources_1 /usersc/ng18731/ATFC_IPBus_neo_test/neo430_test/myFwArea/src/neo430/rtl/top_templates/firmware/hdl/neo430_test.vhd
/usersc/ng18731/ATFC_IPBus_neo_test/neo430_test/myFwArea/src/neo430/rtl/top_templates/firmware/hdl/neo430_test.vhd
add_files -norecurse -fileset sources_1 /usersc/ng18731/ATFC_IPBus_neo_test/neo430_test/myFwArea/src/neo430/rtl/core/neo430_wdt.vhd
/usersc/ng18731/ATFC_IPBus_neo_test/neo430_test/myFwArea/src/neo430/rtl/core/neo430_wdt.vhd
add_files -norecurse -fileset sources_1 /usersc/ng18731/ATFC_IPBus_neo_test/neo430_test/myFwArea/src/neo430/rtl/core/neo430_wb_interface.vhd
/usersc/ng18731/ATFC_IPBus_neo_test/neo430_test/myFwArea/src/neo430/rtl/core/neo430_wb_interface.vhd
add_files -norecurse -fileset sources_1 /usersc/ng18731/ATFC_IPBus_neo_test/neo430_test/myFwArea/src/neo430/rtl/core/neo430_usart.vhd
/usersc/ng18731/ATFC_IPBus_neo_test/neo430_test/myFwArea/src/neo430/rtl/core/neo430_usart.vhd
add_files -norecurse -fileset sources_1 /usersc/ng18731/ATFC_IPBus_neo_test/neo430_test/myFwArea/src/neo430/rtl/core/neo430_trng.vhd
/usersc/ng18731/ATFC_IPBus_neo_test/neo430_test/myFwArea/src/neo430/rtl/core/neo430_trng.vhd
add_files -norecurse -fileset sources_1 /usersc/ng18731/ATFC_IPBus_neo_test/neo430_test/myFwArea/src/neo430/rtl/core/neo430_timer.vhd
/usersc/ng18731/ATFC_IPBus_neo_test/neo430_test/myFwArea/src/neo430/rtl/core/neo430_timer.vhd
add_files -norecurse -fileset sources_1 /usersc/ng18731/ATFC_IPBus_neo_test/neo430_test/myFwArea/src/neo430/rtl/core/neo430_sysconfig.vhd
/usersc/ng18731/ATFC_IPBus_neo_test/neo430_test/myFwArea/src/neo430/rtl/core/neo430_sysconfig.vhd
add_files -norecurse -fileset sources_1 /usersc/ng18731/ATFC_IPBus_neo_test/neo430_test/myFwArea/src/neo430/rtl/core/neo430_reg_file.vhd
/usersc/ng18731/ATFC_IPBus_neo_test/neo430_test/myFwArea/src/neo430/rtl/core/neo430_reg_file.vhd
add_files -norecurse -fileset sources_1 /usersc/ng18731/ATFC_IPBus_neo_test/neo430_test/myFwArea/src/neo430/rtl/core/neo430_pwm.vhd
/usersc/ng18731/ATFC_IPBus_neo_test/neo430_test/myFwArea/src/neo430/rtl/core/neo430_pwm.vhd
add_files -norecurse -fileset sources_1 /usersc/ng18731/ATFC_IPBus_neo_test/neo430_test/myFwArea/src/neo430/rtl/core/neo430_package.vhd
/usersc/ng18731/ATFC_IPBus_neo_test/neo430_test/myFwArea/src/neo430/rtl/core/neo430_package.vhd
add_files -norecurse -fileset sources_1 /usersc/ng18731/ATFC_IPBus_neo_test/neo430_test/myFwArea/src/neo430/rtl/core/neo430_muldiv.vhd
/usersc/ng18731/ATFC_IPBus_neo_test/neo430_test/myFwArea/src/neo430/rtl/core/neo430_muldiv.vhd
add_files -norecurse -fileset sources_1 /usersc/ng18731/ATFC_IPBus_neo_test/neo430_test/myFwArea/src/neo430/rtl/core/neo430_imem.vhd
/usersc/ng18731/ATFC_IPBus_neo_test/neo430_test/myFwArea/src/neo430/rtl/core/neo430_imem.vhd
add_files -norecurse -fileset sources_1 /usersc/ng18731/ATFC_IPBus_neo_test/neo430_test/myFwArea/src/neo430/rtl/core/neo430_gpio.vhd
/usersc/ng18731/ATFC_IPBus_neo_test/neo430_test/myFwArea/src/neo430/rtl/core/neo430_gpio.vhd
add_files -norecurse -fileset sources_1 /usersc/ng18731/ATFC_IPBus_neo_test/neo430_test/myFwArea/src/neo430/rtl/core/neo430_dmem.vhd
/usersc/ng18731/ATFC_IPBus_neo_test/neo430_test/myFwArea/src/neo430/rtl/core/neo430_dmem.vhd
add_files -norecurse -fileset sources_1 /usersc/ng18731/ATFC_IPBus_neo_test/neo430_test/myFwArea/src/neo430/rtl/core/neo430_crc.vhd
/usersc/ng18731/ATFC_IPBus_neo_test/neo430_test/myFwArea/src/neo430/rtl/core/neo430_crc.vhd
add_files -norecurse -fileset sources_1 /usersc/ng18731/ATFC_IPBus_neo_test/neo430_test/myFwArea/src/neo430/rtl/core/neo430_cpu.vhd
/usersc/ng18731/ATFC_IPBus_neo_test/neo430_test/myFwArea/src/neo430/rtl/core/neo430_cpu.vhd
add_files -norecurse -fileset sources_1 /usersc/ng18731/ATFC_IPBus_neo_test/neo430_test/myFwArea/src/neo430/rtl/core/neo430_control.vhd
/usersc/ng18731/ATFC_IPBus_neo_test/neo430_test/myFwArea/src/neo430/rtl/core/neo430_control.vhd
add_files -norecurse -fileset sources_1 /usersc/ng18731/ATFC_IPBus_neo_test/neo430_test/myFwArea/src/neo430/rtl/core/neo430_cfu.vhd
/usersc/ng18731/ATFC_IPBus_neo_test/neo430_test/myFwArea/src/neo430/rtl/core/neo430_cfu.vhd
add_files -norecurse -fileset sources_1 /usersc/ng18731/ATFC_IPBus_neo_test/neo430_test/myFwArea/src/neo430/rtl/core/neo430_boot_rom.vhd
/usersc/ng18731/ATFC_IPBus_neo_test/neo430_test/myFwArea/src/neo430/rtl/core/neo430_boot_rom.vhd
add_files -norecurse -fileset sources_1 /usersc/ng18731/ATFC_IPBus_neo_test/neo430_test/myFwArea/src/neo430/rtl/core/neo430_bootloader_image.vhd
/usersc/ng18731/ATFC_IPBus_neo_test/neo430_test/myFwArea/src/neo430/rtl/core/neo430_bootloader_image.vhd
add_files -norecurse -fileset sources_1 /usersc/ng18731/ATFC_IPBus_neo_test/neo430_test/myFwArea/src/neo430/rtl/core/neo430_application_image.vhd
/usersc/ng18731/ATFC_IPBus_neo_test/neo430_test/myFwArea/src/neo430/rtl/core/neo430_application_image.vhd
add_files -norecurse -fileset sources_1 /usersc/ng18731/ATFC_IPBus_neo_test/neo430_test/myFwArea/src/neo430/rtl/core/neo430_alu.vhd
/usersc/ng18731/ATFC_IPBus_neo_test/neo430_test/myFwArea/src/neo430/rtl/core/neo430_alu.vhd
add_files -norecurse -fileset sources_1 /usersc/ng18731/ATFC_IPBus_neo_test/neo430_test/myFwArea/src/neo430/rtl/core/neo430_addr_gen.vhd
/usersc/ng18731/ATFC_IPBus_neo_test/neo430_test/myFwArea/src/neo430/rtl/core/neo430_addr_gen.vhd
add_files -norecurse -fileset sources_1 /usersc/ng18731/ATFC_IPBus_neo_test/neo430_test/myFwArea/src/neo430_ipbus/projects/tests/neotest/firmware/hdl/neo430_top.vhd
/usersc/ng18731/ATFC_IPBus_neo_test/neo430_test/myFwArea/src/neo430_ipbus/projects/tests/neotest/firmware/hdl/neo430_top.vhd
set_property top top [current_fileset]
set_property "steps.synth_design.args.flatten_hierarchy" "none" [get_runs synth_1]
close_project
quit
INFO: [Common 17-206] Exiting Vivado at Thu Jun 28 19:05:52 2018...
