#-----------------------------------------------------------
# Vivado v2018.1 (64-bit)
# SW Build 2188600 on Wed Apr  4 18:39:19 MDT 2018
# IP Build 2185939 on Wed Apr  4 20:55:05 MDT 2018
# Start of session at: Thu Jun 28 19:06:35 2018
# Process ID: 6504
# Current directory: /usersc/ng18731/ATFC_IPBus_neo_test/neo430_test/myFwArea/proj/neo430_example
# Command line: vivado -mode tcl -log vivado_bitfile.log -journal vivado_bitfile.jou
# Log file: /usersc/ng18731/ATFC_IPBus_neo_test/neo430_test/myFwArea/proj/neo430_example/vivado_bitfile.log
# Journal file: /usersc/ng18731/ATFC_IPBus_neo_test/neo430_test/myFwArea/proj/neo430_example/vivado_bitfile.jou
#-----------------------------------------------------------
open_project /usersc/ng18731/ATFC_IPBus_neo_test/neo430_test/myFwArea/proj/neo430_example/top/top.xpr
Scanning sources...
Finished scanning sources
top
launch_runs impl_1 -to_step write_bitstream
CRITICAL WARNING: [filemgmt 20-742] The top module "top" specified for this project can not be validated. The current project is using automatic hierarchy update mode, and hence a new suitable replacement top will be automatically selected. If this is not desired, please change the hierarchy update mode to one of the manual compile order modes first, and then set top to any desired value.
Resolution: To switch to manual update order go to the Sources view, right-click on any node in the hierarchy and in the context menu select: 'Hierarchy Update' option 'No Update' or run the following Tcl Command: set_property source_mgmt_mode None [current_project] (which is the Manual Compile Order mode).
[Thu Jun 28 19:06:52 2018] Launched synth_1...
Run output will be captured here: /usersc/ng18731/ATFC_IPBus_neo_test/neo430_test/myFwArea/proj/neo430_example/top/top.runs/synth_1/runme.log
[Thu Jun 28 19:06:53 2018] Launched impl_1...
Run output will be captured here: /usersc/ng18731/ATFC_IPBus_neo_test/neo430_test/myFwArea/proj/neo430_example/top/top.runs/impl_1/runme.log
wait_on_run impl_1
[Thu Jun 28 19:06:53 2018] Waiting for impl_1 to finish...
[Thu Jun 28 19:07:21 2018] impl_1 finished
wait_on_run: Time (s): cpu = 00:00:20 ; elapsed = 00:00:28 . Memory (MB): peak = 1312.547 ; gain = 0.000 ; free physical = 3225 ; free virtual = 28673
quit
INFO: [Common 17-206] Exiting Vivado at Thu Jun 28 19:07:21 2018...
